Arguments: 
  /home/rid/.nvm/versions/node/v8.9.4/bin/node /usr/share/yarn/bin/yarn.js add --dev babel-cli babel-preset-env

PATH: 
  /home/rid/.nvm/versions/node/v8.9.4/bin:/bin:/sbin:/usr/bin:/usr/sbin:/usr/local/bin:/usr/local/sbin:/usr/games:/home/rid/.local/bin

Yarn version: 
  1.3.2

Node version: 
  8.9.4

Platform: 
  linux x64

npm manifest: 
  {
    "name": "bookworm-api",
    "version": "1.0.0",
    "main": "index.js",
    "author": "RiD_32",
    "license": "MIT"
    "scripts": {
      "start": "node src/index.js"
    }
  }

yarn manifest: 
  No manifest

Lockfile: 
  No lockfile

Trace: 
  SyntaxError: /home/rid/src/node.js/bookworm-api/package.json: Unexpected string in JSON at position 115
      at JSON.parse (<anonymous>)
      at /usr/share/yarn/lib/cli.js:770:59
      at Generator.next (<anonymous>)
      at step (/usr/share/yarn/lib/cli.js:92:30)
      at /usr/share/yarn/lib/cli.js:103:13
      at <anonymous>
